<?xml version="1.0" encoding="UTF-8"?>
<!-- Generated by org.testng.reporters.JUnitReportReporter -->
<testsuite hostname="DellTablet" failures="0" tests="1" name="com.automationexcercise.testCases.TC02_UserLogin" time="9.760" errors="0" timestamp="2024-08-15T02:21:19 IST" skipped="0">
  <testcase classname="com.automationexcercise.testCases.TC02_UserLogin" name="userLogin" time="9.760"/>
  <system-out/>
</testsuite> <!-- com.automationexcercise.testCases.TC02_UserLogin -->
