<?xml version="1.0" encoding="UTF-8"?>
<!-- Generated by org.testng.reporters.JUnitReportReporter -->
<testsuite hostname="DellTablet" failures="0" tests="1" name="com.automationexcercise.testCases.TC01_OpenLoginPage" time="5.400" errors="0" timestamp="2024-08-15T02:21:19 IST" skipped="0">
  <testcase classname="com.automationexcercise.testCases.TC01_OpenLoginPage" name="openLoginPage" time="5.400"/>
  <system-out/>
</testsuite> <!-- com.automationexcercise.testCases.TC01_OpenLoginPage -->
