<?xml version="1.0" encoding="UTF-8"?>
<!-- Generated by org.testng.reporters.JUnitReportReporter -->
<testsuite hostname="DellTablet" failures="0" tests="1" name="com.automationexcercise.testCases.TC02_UserLogin" time="18.630" errors="0" timestamp="2024-08-15T01:19:28 IST" skipped="0">
  <testcase classname="com.automationexcercise.testCases.TC02_UserLogin" name="userLogin" time="18.630"/>
</testsuite> <!-- com.automationexcercise.testCases.TC02_UserLogin -->
