<?xml version="1.0" encoding="UTF-8"?>
<!-- Generated by org.testng.reporters.JUnitReportReporter -->
<testsuite hostname="DellTablet" failures="0" tests="1" name="com.automationexcercise.testCases.TC01_OpenLoginPage" time="11.405" errors="0" timestamp="2024-08-15T01:19:28 IST" skipped="0">
  <testcase classname="com.automationexcercise.testCases.TC01_OpenLoginPage" name="openLoginPage" time="11.405"/>
</testsuite> <!-- com.automationexcercise.testCases.TC01_OpenLoginPage -->
